[2026-04-21 16:27:07.945] [SERIAL] [INFO] SerialPortManager initialised {"port":"COM1","baudRate":9600,"dataBits":8,"stopBits":1,"parity":"none","analyzerUid":"[FROM_lab_analyzers_TABLE]","labUid":"6887129073FDA"}
[2026-04-21 16:27:07.945] [FRAMER] [INFO] MessageFramer initialised {"bccCheck":false,"maxBytes":512,"analyzerUid":"[FROM_lab_analyzers_TABLE]"}
[2026-04-21 16:27:07.946] [AU480] [INFO] AU480Parser initialised {"sampleIdLength":13,"filters":{"patient_results":true,"stat_results":true,"qc_results":false,"calibration_results":false,"reagent_blank":false},"analyzerUid":"[FROM_lab_analyzers_TABLE]"}
[2026-04-21 16:27:07.829] [INDEX]  [INFO] 
╔══════════════════════════════════════════════════════════════╗
║          SpeciGo LIS Integration Engine                      ║
║          Beckman Coulter AU480  |  Lab Name                  ║
║          Node.js v18.5.0  | PID 63108                 ║
╚══════════════════════════════════════════════════════════════╝

[2026-04-21 16:27:07.915] [ENGINE] [INFO] IntegrationEngine constructed {"configFilePath":"C:\\Users\\hp\\Desktop\\Au480\\config\\analysers\\au480_config.json"}
[2026-04-21 16:27:07.947] [SERIAL] [INFO] Opening serial port {"port":"COM1","baudRate":9600}
[2026-04-21 16:27:07.977] [SERIAL] [INFO] Serial port opened successfully {"port":"COM1","baudRate":9600}
[2026-04-21 16:27:07.978] [FRAMER] [INFO] MessageFramer state reset
[2026-04-21 16:27:07.914] [INDEX]  [INFO] Starting engine {"configFile":"C:\\Users\\hp\\Desktop\\Au480\\config\\analysers\\au480_config.json","nodeVersion":"v18.5.0","platform":"win32","pid":63108,"logLevel":"debug"}
[2026-04-21 16:27:07.980] [INDEX]  [INFO] Engine started successfully - listening for AU480 data
[2026-04-21 16:27:07.915] [ENGINE] [INFO] IntegrationEngine starting...
[2026-04-21 16:27:07.917] [ENGINE] [INFO] Config loaded successfully {"analyser":"AU480","site":"MMI Diagnostics, Raipur","port":"COM1"}
[2026-04-21 16:27:07.946] [ENGINE] [INFO] All serial modules instantiated and events wired - waiting for DB
[2026-04-21 16:27:07.947] [ENGINE] [DEBUG] Shutdown handlers registered
[2026-04-21 16:27:07.977] [ENGINE] [INFO] Serial port connected - engine ready to receive data
[2026-04-21 16:27:07.978] [ENGINE] [INFO] IntegrationEngine running - serial port open {"analyser":"AU480","site":"MMI Diagnostics, Raipur","port":"COM1"}
[2026-04-21 16:27:07.978] [ENGINE] [INFO] Background DB connection started
[2026-04-21 16:27:07.979] [ENGINE] [INFO] Attempting database connection...
[2026-04-21 16:27:07.979] [ENGINE] [WARN] Database connection failed, retrying in 5s {"error":"Database credentials missing. Set DB_HOST, DB_USER, DB_PASSWORD in environment."}
[2026-04-21 16:27:12.980] [ENGINE] [INFO] Attempting database connection...
[2026-04-21 16:27:12.982] [ENGINE] [WARN] Database connection failed, retrying in 10s {"error":"Database credentials missing. Set DB_HOST, DB_USER, DB_PASSWORD in environment."}
[2026-04-21 16:27:22.989] [ENGINE] [INFO] Attempting database connection...
[2026-04-21 16:27:22.991] [ENGINE] [WARN] Database connection failed, retrying in 20s {"error":"Database credentials missing. Set DB_HOST, DB_USER, DB_PASSWORD in environment."}
[2026-04-21 16:27:42.991] [ENGINE] [INFO] Attempting database connection...
[2026-04-21 16:27:42.992] [ENGINE] [WARN] Database connection failed, retrying in 40s {"error":"Database credentials missing. Set DB_HOST, DB_USER, DB_PASSWORD in environment."}
[2026-04-21 16:28:22.996] [ENGINE] [INFO] Attempting database connection...
[2026-04-21 16:28:22.997] [ENGINE] [WARN] Database connection failed, retrying in 60s {"error":"Database credentials missing. Set DB_HOST, DB_USER, DB_PASSWORD in environment."}
[2026-04-21 16:29:22.998] [ENGINE] [INFO] Attempting database connection...
[2026-04-21 16:29:22.999] [ENGINE] [WARN] Database connection failed, retrying in 60s {"error":"Database credentials missing. Set DB_HOST, DB_USER, DB_PASSWORD in environment."}
[2026-04-21 16:30:23.006] [ENGINE] [INFO] Attempting database connection...
[2026-04-21 16:30:23.007] [ENGINE] [WARN] Database connection failed, retrying in 60s {"error":"Database credentials missing. Set DB_HOST, DB_USER, DB_PASSWORD in environment."}
[2026-04-21 16:31:23.013] [ENGINE] [INFO] Attempting database connection...
[2026-04-21 16:31:23.014] [ENGINE] [WARN] Database connection failed, retrying in 60s {"error":"Database credentials missing. Set DB_HOST, DB_USER, DB_PASSWORD in environment."}
[2026-04-21 16:32:23.020] [ENGINE] [INFO] Attempting database connection...
[2026-04-21 16:32:23.022] [ENGINE] [WARN] Database connection failed, retrying in 60s {"error":"Database credentials missing. Set DB_HOST, DB_USER, DB_PASSWORD in environment."}
[2026-04-21 16:33:23.036] [ENGINE] [INFO] Attempting database connection...
[2026-04-21 16:33:23.037] [ENGINE] [WARN] Database connection failed, retrying in 60s {"error":"Database credentials missing. Set DB_HOST, DB_USER, DB_PASSWORD in environment."}
[2026-04-21 16:34:21.310] [ENGINE] [INFO] SIGINT received - shutting down IntegrationEngine
[2026-04-21 16:34:21.311] [SERIAL] [INFO] Closing serial port {"port":"COM1","reason":"manual disconnect"}
[2026-04-21 16:34:21.311] [ENGINE] [INFO] IntegrationEngine stopping...
[2026-04-21 16:34:21.334] [SERIAL] [INFO] Serial port closed cleanly {"port":"COM1"}
[2026-04-21 16:34:21.334] [ENGINE] [WARN] Serial port disconnected {"reason":"clean close"}
[2026-04-21 16:34:21.334] [FRAMER] [INFO] MessageFramer state reset
