[2026-04-08 17:52:43.411] [ENGINE] [INFO] IntegrationEngine constructed {"configFilePath":"C:\\Users\\umesh\\Desktop\\LIS\\specigо-lis-engine\\config\\analysers\\au480_mmi.json"}
[2026-04-08 17:52:43.403] [INDEX]  [INFO] 
╔══════════════════════════════════════════════════════════════╗
║          SpeciGo LIS Integration Engine                     ║
║          Beckman Coulter AU480  |  MMI Diagnostics, Raipur  ║
║          Node.js v24.14.0 | PID 32532                 ║
╚══════════════════════════════════════════════════════════════╝

[2026-04-08 17:52:43.411] [ENGINE] [INFO] IntegrationEngine starting...
[2026-04-08 17:52:43.412] [ENGINE] [INFO] Config loaded successfully {"analyser":"AU480","site":"MMI Diagnostics, Raipur","port":"COM2"}
[2026-04-08 17:52:43.410] [INDEX]  [INFO] Starting engine {"configFile":"C:\\Users\\umesh\\Desktop\\LIS\\specigо-lis-engine\\config\\analysers\\au480_mmi.json","nodeVersion":"v24.14.0","platform":"win32","pid":32532,"logLevel":"info"}
[2026-04-08 17:52:53.426] [INDEX]  [ERROR] Engine failed to start {"error":"Cannot connect to database at 69.62.77.70:3306 - connect ETIMEDOUT","stack":"Error: Cannot connect to database at 69.62.77.70:3306 - connect ETIMEDOUT\n    at IntegrationEngine._createDbPool (C:\\Users\\umesh\\Desktop\\LIS\\specigо-lis-engine\\src\\engine\\IntegrationEngine.js:347:13)\n    at process.processTicksAndRejections (node:internal/process/task_queues:104:5)\n    at async IntegrationEngine.start (C:\\Users\\umesh\\Desktop\\LIS\\specigо-lis-engine\\src\\engine\\IntegrationEngine.js:143:20)\n    at async main (C:\\Users\\umesh\\Desktop\\LIS\\specigо-lis-engine\\index.js:173:5)"}
[2026-04-08 17:52:53.427] [ENGINE] [WARN] stop() called but engine is not running
[2026-04-09 11:15:40.679] [ENGINE] [INFO] IntegrationEngine constructed {"configFilePath":"C:\\Users\\umesh\\Desktop\\LIS\\specigо-lis-engine\\config\\analysers\\au480_mmi.json"}
[2026-04-09 11:15:40.671] [INDEX]  [INFO] 
╔══════════════════════════════════════════════════════════════╗
║          SpeciGo LIS Integration Engine                     ║
║          Beckman Coulter AU480  |  MMI Diagnostics, Raipur  ║
║          Node.js v24.14.0 | PID 15984                 ║
╚══════════════════════════════════════════════════════════════╝

[2026-04-09 11:15:40.680] [ENGINE] [INFO] IntegrationEngine starting...
[2026-04-09 11:15:40.681] [ENGINE] [INFO] Config loaded successfully {"analyser":"AU480","site":"MMI Diagnostics, Raipur","port":"COM2"}
[2026-04-09 11:15:40.678] [INDEX]  [INFO] Starting engine {"configFile":"C:\\Users\\umesh\\Desktop\\LIS\\specigо-lis-engine\\config\\analysers\\au480_mmi.json","nodeVersion":"v24.14.0","platform":"win32","pid":15984,"logLevel":"info"}
[2026-04-09 11:15:50.695] [INDEX]  [ERROR] Engine failed to start {"error":"Cannot connect to database at 69.62.77.70:3306 - connect ETIMEDOUT","stack":"Error: Cannot connect to database at 69.62.77.70:3306 - connect ETIMEDOUT\n    at IntegrationEngine._createDbPool (C:\\Users\\umesh\\Desktop\\LIS\\specigо-lis-engine\\src\\engine\\IntegrationEngine.js:347:13)\n    at process.processTicksAndRejections (node:internal/process/task_queues:104:5)\n    at async IntegrationEngine.start (C:\\Users\\umesh\\Desktop\\LIS\\specigо-lis-engine\\src\\engine\\IntegrationEngine.js:143:20)\n    at async main (C:\\Users\\umesh\\Desktop\\LIS\\specigо-lis-engine\\index.js:173:5)"}
[2026-04-09 11:15:50.696] [ENGINE] [WARN] stop() called but engine is not running
[2026-04-09 11:16:39.320] [ENGINE] [INFO] IntegrationEngine constructed {"configFilePath":"C:\\Users\\umesh\\Desktop\\LIS\\specigо-lis-engine\\config\\analysers\\au480_mmi.json"}
[2026-04-09 11:16:39.314] [INDEX]  [INFO] 
╔══════════════════════════════════════════════════════════════╗
║          SpeciGo LIS Integration Engine                     ║
║          Beckman Coulter AU480  |  MMI Diagnostics, Raipur  ║
║          Node.js v24.14.0 | PID 14480                 ║
╚══════════════════════════════════════════════════════════════╝

[2026-04-09 11:16:39.321] [ENGINE] [INFO] IntegrationEngine starting...
[2026-04-09 11:16:39.322] [ENGINE] [INFO] Config loaded successfully {"analyser":"AU480","site":"MMI Diagnostics, Raipur","port":"COM2"}
[2026-04-09 11:16:39.319] [INDEX]  [INFO] Starting engine {"configFile":"C:\\Users\\umesh\\Desktop\\LIS\\specigо-lis-engine\\config\\analysers\\au480_mmi.json","nodeVersion":"v24.14.0","platform":"win32","pid":14480,"logLevel":"info"}
[2026-04-09 11:16:46.952] [ENGINE] [INFO] Database pool created and verified {"host":"69.62.77.70","port":3306,"database":"u151751738_theranizeDevh1","poolSize":5}
[2026-04-09 11:16:46.953] [SERIAL] [INFO] SerialPortManager initialised {"port":"COM2","baudRate":9600,"dataBits":8,"stopBits":1,"parity":"none","analyzerUid":"[FROM_lab_analyzers_TABLE]","labUid":"[MMI_LAB_UID]"}
[2026-04-09 11:16:46.954] [FRAMER] [INFO] MessageFramer initialised {"bccCheck":false,"maxBytes":512,"analyzerUid":"[FROM_lab_analyzers_TABLE]"}
[2026-04-09 11:16:46.955] [AU480] [INFO] AU480Parser initialised {"sampleIdLength":13,"filters":{"patient_results":true,"stat_results":true,"qc_results":false,"calibration_results":false,"reagent_blank":false},"analyzerUid":"[FROM_lab_analyzers_TABLE]"}
[2026-04-09 11:16:46.956] [MAPPER] [INFO] ParameterMapper initialised {"analyzerCode":"AU480","analyzerUid":"[FROM_lab_analyzers_TABLE]","labUid":"[MMI_LAB_UID]"}
[2026-04-09 11:16:46.957] [WRITER] [INFO] ResultWriter initialised {"analyzerUid":"[FROM_lab_analyzers_TABLE]","analyzerCode":"AU480","labUid":"[MMI_LAB_UID]"}
[2026-04-09 11:16:46.957] [ENGINE] [INFO] All modules instantiated and events wired
[2026-04-09 11:16:46.958] [ENGINE] [DEBUG] Shutdown handlers registered
[2026-04-09 11:16:46.959] [SERIAL] [INFO] Opening serial port {"port":"COM2","baudRate":9600}
[2026-04-09 11:16:46.966] [INDEX]  [ERROR] Engine failed to start {"error":"Opening COM2: File not found","stack":"Error: Opening COM2: File not found"}
